Inicio Applicação
####################################################
Executando funcionalidade lembrete!
####################################################
####################################################
Executando funcionalidade lembrete!
####################################################
####################################################
Executando funcionalidade lembrete!
####################################################
####################################################
Executando funcionalidade lembrete!
####################################################
####################################################
Executando funcionalidade lembrete!
####################################################
####################################################
Executando funcionalidade lembrete!
####################################################
####################################################
Executando funcionalidade lembrete!
####################################################
####################################################
Executando funcionalidade lembrete!
####################################################
####################################################
Executando funcionalidade lembrete!
####################################################
####################################################
Executando funcionalidade lembrete!
####################################################
####################################################
Executando funcionalidade lembrete!
####################################################
####################################################
Executando funcionalidade lembrete!
####################################################
####################################################
Executando funcionalidade lembrete!
####################################################
####################################################
Executando funcionalidade lembrete!
####################################################
####################################################
Executando funcionalidade lembrete!
####################################################
####################################################
Executando funcionalidade lembrete!
####################################################
####################################################
Executando funcionalidade lembrete!
####################################################
####################################################
Executando funcionalidade lembrete!
####################################################
####################################################
Executando funcionalidade lembrete!
####################################################
####################################################
Executando funcionalidade lembrete!
####################################################
####################################################
Executando funcionalidade lembrete!
####################################################
####################################################
Executando funcionalidade lembrete!
####################################################
####################################################
Executando funcionalidade lembrete!
####################################################
####################################################
Executando funcionalidade lembrete!
####################################################
####################################################
Executando funcionalidade lembrete!
####################################################
####################################################
Executando funcionalidade lembrete!
####################################################
####################################################
Executando funcionalidade lembrete!
####################################################
####################################################
Executando funcionalidade lembrete!
####################################################
####################################################
Executando funcionalidade lembrete!
####################################################
####################################################
Executando funcionalidade lembrete!
####################################################
####################################################
Executando funcionalidade lembrete!
####################################################
####################################################
Executando funcionalidade lembrete!
####################################################
####################################################
Executando funcionalidade lembrete!
####################################################
####################################################
Executando funcionalidade lembrete!
####################################################
####################################################
Executando funcionalidade lembrete!
####################################################
####################################################
Executando funcionalidade lembrete!
####################################################
####################################################
Executando funcionalidade lembrete!
####################################################
####################################################
Executando funcionalidade lembrete!
####################################################
####################################################
Executando funcionalidade lembrete!
####################################################
####################################################
Executando funcionalidade lembrete!
####################################################
####################################################
Executando funcionalidade lembrete!
####################################################
####################################################
Executando funcionalidade lembrete!
####################################################
####################################################
Executando funcionalidade lembrete!
####################################################
####################################################
Executando funcionalidade lembrete!
####################################################
####################################################
Executando funcionalidade lembrete!
####################################################
####################################################
Executando funcionalidade lembrete!
####################################################
####################################################
Executando funcionalidade lembrete!
####################################################
####################################################
Executando funcionalidade lembrete!
####################################################
####################################################
Executando funcionalidade lembrete!
####################################################
####################################################
Executando funcionalidade lembrete!
####################################################
####################################################
Executando funcionalidade lembrete!
####################################################
####################################################
Executando funcionalidade lembrete!
####################################################
####################################################
Executando funcionalidade lembrete!
####################################################
####################################################
Executando funcionalidade lembrete!
####################################################
####################################################
Executando funcionalidade lembrete!
####################################################
####################################################
Executando funcionalidade lembrete!
####################################################
####################################################
Executando funcionalidade lembrete!
####################################################
####################################################
Executando funcionalidade lembrete!
####################################################
####################################################
Executando funcionalidade lembrete!
####################################################
####################################################
Executando funcionalidade lembrete!
####################################################
####################################################
Executando funcionalidade lembrete!
####################################################
####################################################
Executando funcionalidade lembrete!
####################################################
####################################################
Executando funcionalidade lembrete!
####################################################
####################################################
Executando funcionalidade lembrete!
####################################################
####################################################
Executando funcionalidade lembrete!
####################################################
####################################################
Executando funcionalidade lembrete!
####################################################
####################################################
Executando funcionalidade lembrete!
####################################################
####################################################
Executando funcionalidade lembrete!
####################################################
####################################################
Executando funcionalidade lembrete!
####################################################
####################################################
Executando funcionalidade lembrete!
####################################################
####################################################
Executando funcionalidade lembrete!
####################################################
####################################################
Executando funcionalidade lembrete!
####################################################
####################################################
Executando funcionalidade lembrete!
####################################################
####################################################
Executando funcionalidade lembrete!
####################################################
####################################################
Executando funcionalidade lembrete!
####################################################
####################################################
Executando funcionalidade lembrete!
####################################################
####################################################
Executando funcionalidade lembrete!
####################################################
####################################################
Executando funcionalidade lembrete!
####################################################
####################################################
Executando funcionalidade lembrete!
####################################################
####################################################
Executando funcionalidade lembrete!
####################################################
####################################################
Executando funcionalidade lembrete!
####################################################
####################################################
Executando funcionalidade lembrete!
####################################################
####################################################
Executando funcionalidade lembrete!
####################################################
####################################################
Executando funcionalidade lembrete!
####################################################
####################################################
Executando funcionalidade lembrete!
####################################################
####################################################
Executando funcionalidade lembrete!
####################################################
####################################################
Executando funcionalidade lembrete!
####################################################
Diretório do BD não existe.
Inicio Applicação
####################################################
Executando funcionalidade lembrete!
####################################################
####################################################
Executando funcionalidade lembrete!
####################################################
####################################################
Executando funcionalidade lembrete!
####################################################
####################################################
Executando funcionalidade lembrete!
####################################################
####################################################
Executando funcionalidade lembrete!
####################################################
####################################################
Executando funcionalidade lembrete!
####################################################
####################################################
Executando funcionalidade lembrete!
####################################################
####################################################
Executando funcionalidade lembrete!
####################################################
####################################################
Executando funcionalidade lembrete!
####################################################
####################################################
Executando funcionalidade lembrete!
####################################################
####################################################
Executando funcionalidade lembrete!
####################################################
####################################################
Executando funcionalidade lembrete!
####################################################
####################################################
Executando funcionalidade lembrete!
####################################################
####################################################
Executando funcionalidade lembrete!
####################################################
####################################################
Executando funcionalidade lembrete!
####################################################
Inicio Applicação
####################################################
Executando funcionalidade lembrete!
####################################################
####################################################
Executando funcionalidade lembrete!
####################################################
####################################################
Executando funcionalidade lembrete!
####################################################
####################################################
Executando funcionalidade lembrete!
####################################################
####################################################
Executando funcionalidade lembrete!
####################################################
####################################################
Executando funcionalidade lembrete!
####################################################
####################################################
Executando funcionalidade lembrete!
####################################################
Inicio Applicação
####################################################
Executando funcionalidade lembrete!
####################################################
####################################################
Executando funcionalidade lembrete!
####################################################
####################################################
Executando funcionalidade lembrete!
####################################################
####################################################
Executando funcionalidade lembrete!
####################################################
####################################################
Executando funcionalidade lembrete!
####################################################
####################################################
Executando funcionalidade lembrete!
####################################################
####################################################
Executando funcionalidade lembrete!
####################################################
####################################################
Executando funcionalidade lembrete!
####################################################
####################################################
Executando funcionalidade lembrete!
####################################################
####################################################
Executando funcionalidade lembrete!
####################################################
Inicio Applicação
####################################################
Executando funcionalidade lembrete!
####################################################
####################################################
Executando funcionalidade lembrete!
####################################################
####################################################
Executando funcionalidade lembrete!
####################################################
####################################################
Executando funcionalidade lembrete!
####################################################
####################################################
Executando funcionalidade lembrete!
####################################################
####################################################
Executando funcionalidade lembrete!
####################################################
####################################################
Executando funcionalidade lembrete!
####################################################
####################################################
Executando funcionalidade lembrete!
####################################################
####################################################
Executando funcionalidade lembrete!
####################################################
####################################################
Executando funcionalidade lembrete!
####################################################
####################################################
Executando funcionalidade lembrete!
####################################################
####################################################
Executando funcionalidade lembrete!
####################################################
####################################################
Executando funcionalidade lembrete!
####################################################
####################################################
Executando funcionalidade lembrete!
####################################################
####################################################
Executando funcionalidade lembrete!
####################################################
####################################################
Executando funcionalidade lembrete!
####################################################
####################################################
Executando funcionalidade lembrete!
####################################################
####################################################
Executando funcionalidade lembrete!
####################################################
####################################################
Executando funcionalidade lembrete!
####################################################
####################################################
Executando funcionalidade lembrete!
####################################################
####################################################
Executando funcionalidade lembrete!
####################################################
####################################################
Executando funcionalidade lembrete!
####################################################
####################################################
Executando funcionalidade lembrete!
####################################################
####################################################
Executando funcionalidade lembrete!
####################################################
####################################################
Executando funcionalidade lembrete!
####################################################
####################################################
Executando funcionalidade lembrete!
####################################################
####################################################
Executando funcionalidade lembrete!
####################################################
####################################################
Executando funcionalidade lembrete!
####################################################
####################################################
Executando funcionalidade lembrete!
####################################################
####################################################
Executando funcionalidade lembrete!
####################################################
####################################################
Executando funcionalidade lembrete!
####################################################
####################################################
Executando funcionalidade lembrete!
####################################################
####################################################
Executando funcionalidade lembrete!
####################################################
####################################################
Executando funcionalidade lembrete!
####################################################
####################################################
Executando funcionalidade lembrete!
####################################################
####################################################
Executando funcionalidade lembrete!
####################################################
####################################################
Executando funcionalidade lembrete!
####################################################
####################################################
Executando funcionalidade lembrete!
####################################################
####################################################
Executando funcionalidade lembrete!
####################################################
####################################################
Executando funcionalidade lembrete!
####################################################
####################################################
Executando funcionalidade lembrete!
####################################################
####################################################
Executando funcionalidade lembrete!
####################################################
####################################################
Executando funcionalidade lembrete!
####################################################
####################################################
Executando funcionalidade lembrete!
####################################################
####################################################
Executando funcionalidade lembrete!
####################################################
Inicio Applicação
####################################################
Executando funcionalidade lembrete!
####################################################
####################################################
Executando funcionalidade lembrete!
####################################################
####################################################
Executando funcionalidade lembrete!
####################################################
####################################################
Executando funcionalidade lembrete!
####################################################
Inicio Applicação
####################################################
Executando funcionalidade lembrete!
####################################################
####################################################
Executando funcionalidade lembrete!
####################################################
####################################################
Executando funcionalidade lembrete!
####################################################
####################################################
Executando funcionalidade lembrete!
####################################################
Inicio Applicação
####################################################
Executando funcionalidade lembrete!
####################################################
####################################################
Executando funcionalidade lembrete!
####################################################
####################################################
Executando funcionalidade lembrete!
####################################################
####################################################
Executando funcionalidade lembrete!
####################################################
####################################################
Executando funcionalidade lembrete!
####################################################
Inicio Applicação
####################################################
Executando funcionalidade lembrete!
####################################################
####################################################
Executando funcionalidade lembrete!
####################################################
####################################################
Executando funcionalidade lembrete!
####################################################
####################################################
Executando funcionalidade lembrete!
####################################################
Inicio Applicação
####################################################
Executando funcionalidade lembrete!
####################################################
####################################################
Executando funcionalidade lembrete!
####################################################
####################################################
Executando funcionalidade lembrete!
####################################################
Inicio Applicação
####################################################
Executando funcionalidade lembrete!
####################################################
####################################################
Executando funcionalidade lembrete!
####################################################
####################################################
Executando funcionalidade lembrete!
####################################################
####################################################
Executando funcionalidade lembrete!
####################################################
####################################################
Executando funcionalidade lembrete!
####################################################
####################################################
Executando funcionalidade lembrete!
####################################################
####################################################
Executando funcionalidade lembrete!
####################################################
####################################################
Executando funcionalidade lembrete!
####################################################
####################################################
Executando funcionalidade lembrete!
####################################################
####################################################
Executando funcionalidade lembrete!
####################################################
Inicio Applicação
####################################################
Executando funcionalidade lembrete!
####################################################
####################################################
Executando funcionalidade lembrete!
####################################################
####################################################
Executando funcionalidade lembrete!
####################################################
####################################################
Executando funcionalidade lembrete!
####################################################
####################################################
Executando funcionalidade lembrete!
####################################################
####################################################
Executando funcionalidade lembrete!
####################################################
Inicio Applicação
####################################################
Executando funcionalidade lembrete!
####################################################
####################################################
Executando funcionalidade lembrete!
####################################################
####################################################
Executando funcionalidade lembrete!
####################################################
####################################################
Executando funcionalidade lembrete!
####################################################
####################################################
Executando funcionalidade lembrete!
####################################################
####################################################
Executando funcionalidade lembrete!
####################################################
####################################################
Executando funcionalidade lembrete!
####################################################
####################################################
Executando funcionalidade lembrete!
####################################################
####################################################
Executando funcionalidade lembrete!
####################################################
####################################################
Executando funcionalidade lembrete!
####################################################
####################################################
Executando funcionalidade lembrete!
####################################################
Inicio Applicação
####################################################
Executando funcionalidade lembrete!
####################################################
Inicio Applicação
####################################################
Executando funcionalidade lembrete!
####################################################
####################################################
Executando funcionalidade lembrete!
####################################################
####################################################
Executando funcionalidade lembrete!
####################################################
####################################################
Executando funcionalidade lembrete!
####################################################
####################################################
Executando funcionalidade lembrete!
####################################################
####################################################
Executando funcionalidade lembrete!
####################################################
####################################################
Executando funcionalidade lembrete!
####################################################
####################################################
Executando funcionalidade lembrete!
####################################################
####################################################
Executando funcionalidade lembrete!
####################################################
####################################################
Executando funcionalidade lembrete!
####################################################
####################################################
Executando funcionalidade lembrete!
####################################################
####################################################
Executando funcionalidade lembrete!
####################################################
####################################################
Executando funcionalidade lembrete!
####################################################
####################################################
Executando funcionalidade lembrete!
####################################################
####################################################
Executando funcionalidade lembrete!
####################################################
####################################################
Executando funcionalidade lembrete!
####################################################
####################################################
Executando funcionalidade lembrete!
####################################################
####################################################
Executando funcionalidade lembrete!
####################################################
####################################################
Executando funcionalidade lembrete!
####################################################
####################################################
Executando funcionalidade lembrete!
####################################################
####################################################
Executando funcionalidade lembrete!
####################################################
####################################################
Executando funcionalidade lembrete!
####################################################
####################################################
Executando funcionalidade lembrete!
####################################################
####################################################
Executando funcionalidade lembrete!
####################################################
####################################################
Executando funcionalidade lembrete!
####################################################
####################################################
Executando funcionalidade lembrete!
####################################################
####################################################
Executando funcionalidade lembrete!
####################################################
####################################################
Executando funcionalidade lembrete!
####################################################
####################################################
Executando funcionalidade lembrete!
####################################################
####################################################
Executando funcionalidade lembrete!
####################################################
####################################################
Executando funcionalidade lembrete!
####################################################
####################################################
Executando funcionalidade lembrete!
####################################################
####################################################
Executando funcionalidade lembrete!
####################################################
####################################################
Executando funcionalidade lembrete!
####################################################
####################################################
Executando funcionalidade lembrete!
####################################################
####################################################
Executando funcionalidade lembrete!
####################################################
####################################################
Executando funcionalidade lembrete!
####################################################
####################################################
Executando funcionalidade lembrete!
####################################################
####################################################
Executando funcionalidade lembrete!
####################################################
####################################################
Executando funcionalidade lembrete!
####################################################
####################################################
Executando funcionalidade lembrete!
####################################################
####################################################
Executando funcionalidade lembrete!
####################################################
####################################################
Executando funcionalidade lembrete!
####################################################
####################################################
Executando funcionalidade lembrete!
####################################################
####################################################
Executando funcionalidade lembrete!
####################################################
####################################################
Executando funcionalidade lembrete!
####################################################
####################################################
Executando funcionalidade lembrete!
####################################################
####################################################
Executando funcionalidade lembrete!
####################################################
Inicio Applicação
####################################################
Executando funcionalidade lembrete!
####################################################
####################################################
Executando funcionalidade lembrete!
####################################################
####################################################
Executando funcionalidade lembrete!
####################################################
####################################################
Executando funcionalidade lembrete!
####################################################
####################################################
Executando funcionalidade lembrete!
####################################################
####################################################
Executando funcionalidade lembrete!
####################################################
####################################################
Executando funcionalidade lembrete!
####################################################
####################################################
Executando funcionalidade lembrete!
####################################################
####################################################
Executando funcionalidade lembrete!
####################################################
####################################################
Executando funcionalidade lembrete!
####################################################
####################################################
Executando funcionalidade lembrete!
####################################################
####################################################
Executando funcionalidade lembrete!
####################################################
####################################################
Executando funcionalidade lembrete!
####################################################
Inicio Applicação
####################################################
Executando funcionalidade lembrete!
####################################################
####################################################
Executando funcionalidade lembrete!
####################################################
####################################################
Executando funcionalidade lembrete!
####################################################
Inicio Applicação
####################################################
Executando funcionalidade lembrete!
####################################################
####################################################
Executando funcionalidade lembrete!
####################################################
Inicio Applicação
####################################################
Executando funcionalidade lembrete!
####################################################
Inicio Applicação
####################################################
Executando funcionalidade lembrete!
####################################################
Inicio Applicação
####################################################
Executando funcionalidade lembrete!
####################################################
Inicio Applicação
####################################################
Executando funcionalidade lembrete!
####################################################
####################################################
Executando funcionalidade lembrete!
####################################################
####################################################
Executando funcionalidade lembrete!
####################################################
####################################################
Executando funcionalidade lembrete!
####################################################
####################################################
Executando funcionalidade lembrete!
####################################################
####################################################
Executando funcionalidade lembrete!
####################################################
####################################################
Executando funcionalidade lembrete!
####################################################
Inicio Applicação
####################################################
Executando funcionalidade lembrete!
####################################################
####################################################
Executando funcionalidade lembrete!
####################################################
Inicio Applicação
####################################################
Executando funcionalidade lembrete!
####################################################
####################################################
Executando funcionalidade lembrete!
####################################################
Inicio Applicação
Inicio Applicação
Inicio Applicação
Inicio Applicação
Erro neste ponto:
java.lang.Exception: Data deve ser preenchida.

	at br.com.generico.dao.SessaoDao.inserir(SessaoDao.java:272)
	at br.com.generico.panel.CadastroSessaoPanel.jButton1ActionPerformed(CadastroSessaoPanel.java:441)
	at br.com.generico.panel.CadastroSessaoPanel.access$300(CadastroSessaoPanel.java:43)
	at br.com.generico.panel.CadastroSessaoPanel$4.actionPerformed(CadastroSessaoPanel.java:152)
	at javax.swing.AbstractButton.fireActionPerformed(AbstractButton.java:2018)
	at javax.swing.AbstractButton$Handler.actionPerformed(AbstractButton.java:2341)
	at javax.swing.DefaultButtonModel.fireActionPerformed(DefaultButtonModel.java:402)
	at javax.swing.DefaultButtonModel.setPressed(DefaultButtonModel.java:259)
	at javax.swing.plaf.basic.BasicButtonListener.mouseReleased(BasicButtonListener.java:252)
	at java.awt.Component.processMouseEvent(Component.java:6504)
	at javax.swing.JComponent.processMouseEvent(JComponent.java:3321)
	at java.awt.Component.processEvent(Component.java:6269)
	at java.awt.Container.processEvent(Container.java:2229)
	at java.awt.Component.dispatchEventImpl(Component.java:4860)
	at java.awt.Container.dispatchEventImpl(Container.java:2287)
	at java.awt.Component.dispatchEvent(Component.java:4686)
	at java.awt.LightweightDispatcher.retargetMouseEvent(Container.java:4832)
	at java.awt.LightweightDispatcher.processMouseEvent(Container.java:4492)
	at java.awt.LightweightDispatcher.dispatchEvent(Container.java:4422)
	at java.awt.Container.dispatchEventImpl(Container.java:2273)
	at java.awt.Component.dispatchEvent(Component.java:4686)
	at java.awt.EventQueue.dispatchEventImpl(EventQueue.java:707)
	at java.awt.EventQueue.access$000(EventQueue.java:101)
	at java.awt.EventQueue$3.run(EventQueue.java:666)
	at java.awt.EventQueue$3.run(EventQueue.java:664)
	at java.security.AccessController.doPrivileged(Native Method)
	at java.security.ProtectionDomain$1.doIntersectionPrivilege(ProtectionDomain.java:76)
	at java.security.ProtectionDomain$1.doIntersectionPrivilege(ProtectionDomain.java:87)
	at java.awt.EventQueue$4.run(EventQueue.java:680)
	at java.awt.EventQueue$4.run(EventQueue.java:678)
	at java.security.AccessController.doPrivileged(Native Method)
	at java.security.ProtectionDomain$1.doIntersectionPrivilege(ProtectionDomain.java:76)
	at java.awt.EventQueue.dispatchEvent(EventQueue.java:677)
	at java.awt.EventDispatchThread.pumpOneEventForFilters(EventDispatchThread.java:211)
	at java.awt.EventDispatchThread.pumpEventsForFilter(EventDispatchThread.java:128)
	at java.awt.EventDispatchThread.pumpEventsForHierarchy(EventDispatchThread.java:117)
	at java.awt.EventDispatchThread.pumpEvents(EventDispatchThread.java:113)
	at java.awt.EventDispatchThread.pumpEvents(EventDispatchThread.java:105)
	at java.awt.EventDispatchThread.run(EventDispatchThread.java:90)
Erro neste ponto:
java.lang.Exception: Data deve ser preenchida.

	at br.com.generico.dao.SessaoDao.inserir(SessaoDao.java:272)
	at br.com.generico.panel.CadastroSessaoPanel.jButton1ActionPerformed(CadastroSessaoPanel.java:441)
	at br.com.generico.panel.CadastroSessaoPanel.access$300(CadastroSessaoPanel.java:43)
	at br.com.generico.panel.CadastroSessaoPanel$4.actionPerformed(CadastroSessaoPanel.java:152)
	at javax.swing.AbstractButton.fireActionPerformed(AbstractButton.java:2018)
	at javax.swing.AbstractButton$Handler.actionPerformed(AbstractButton.java:2341)
	at javax.swing.DefaultButtonModel.fireActionPerformed(DefaultButtonModel.java:402)
	at javax.swing.DefaultButtonModel.setPressed(DefaultButtonModel.java:259)
	at javax.swing.plaf.basic.BasicButtonListener.mouseReleased(BasicButtonListener.java:252)
	at java.awt.Component.processMouseEvent(Component.java:6504)
	at javax.swing.JComponent.processMouseEvent(JComponent.java:3321)
	at java.awt.Component.processEvent(Component.java:6269)
	at java.awt.Container.processEvent(Container.java:2229)
	at java.awt.Component.dispatchEventImpl(Component.java:4860)
	at java.awt.Container.dispatchEventImpl(Container.java:2287)
	at java.awt.Component.dispatchEvent(Component.java:4686)
	at java.awt.LightweightDispatcher.retargetMouseEvent(Container.java:4832)
	at java.awt.LightweightDispatcher.processMouseEvent(Container.java:4492)
	at java.awt.LightweightDispatcher.dispatchEvent(Container.java:4422)
	at java.awt.Container.dispatchEventImpl(Container.java:2273)
	at java.awt.Component.dispatchEvent(Component.java:4686)
	at java.awt.EventQueue.dispatchEventImpl(EventQueue.java:707)
	at java.awt.EventQueue.access$000(EventQueue.java:101)
	at java.awt.EventQueue$3.run(EventQueue.java:666)
	at java.awt.EventQueue$3.run(EventQueue.java:664)
	at java.security.AccessController.doPrivileged(Native Method)
	at java.security.ProtectionDomain$1.doIntersectionPrivilege(ProtectionDomain.java:76)
	at java.security.ProtectionDomain$1.doIntersectionPrivilege(ProtectionDomain.java:87)
	at java.awt.EventQueue$4.run(EventQueue.java:680)
	at java.awt.EventQueue$4.run(EventQueue.java:678)
	at java.security.AccessController.doPrivileged(Native Method)
	at java.security.ProtectionDomain$1.doIntersectionPrivilege(ProtectionDomain.java:76)
	at java.awt.EventQueue.dispatchEvent(EventQueue.java:677)
	at java.awt.EventDispatchThread.pumpOneEventForFilters(EventDispatchThread.java:211)
	at java.awt.EventDispatchThread.pumpEventsForFilter(EventDispatchThread.java:128)
	at java.awt.EventDispatchThread.pumpEventsForHierarchy(EventDispatchThread.java:117)
	at java.awt.EventDispatchThread.pumpEvents(EventDispatchThread.java:113)
	at java.awt.EventDispatchThread.pumpEvents(EventDispatchThread.java:105)
	at java.awt.EventDispatchThread.run(EventDispatchThread.java:90)
Inicio Applicação
Erro neste ponto:
java.lang.NullPointerException
	at br.com.generico.dao.SessaoDao.inserir(SessaoDao.java:246)
	at br.com.generico.panel.CadastroSessaoPanel.jButton1ActionPerformed(CadastroSessaoPanel.java:441)
	at br.com.generico.panel.CadastroSessaoPanel.access$300(CadastroSessaoPanel.java:43)
	at br.com.generico.panel.CadastroSessaoPanel$4.actionPerformed(CadastroSessaoPanel.java:152)
	at javax.swing.AbstractButton.fireActionPerformed(AbstractButton.java:2018)
	at javax.swing.AbstractButton$Handler.actionPerformed(AbstractButton.java:2341)
	at javax.swing.DefaultButtonModel.fireActionPerformed(DefaultButtonModel.java:402)
	at javax.swing.DefaultButtonModel.setPressed(DefaultButtonModel.java:259)
	at javax.swing.plaf.basic.BasicButtonListener.mouseReleased(BasicButtonListener.java:252)
	at java.awt.Component.processMouseEvent(Component.java:6504)
	at javax.swing.JComponent.processMouseEvent(JComponent.java:3321)
	at java.awt.Component.processEvent(Component.java:6269)
	at java.awt.Container.processEvent(Container.java:2229)
	at java.awt.Component.dispatchEventImpl(Component.java:4860)
	at java.awt.Container.dispatchEventImpl(Container.java:2287)
	at java.awt.Component.dispatchEvent(Component.java:4686)
	at java.awt.LightweightDispatcher.retargetMouseEvent(Container.java:4832)
	at java.awt.LightweightDispatcher.processMouseEvent(Container.java:4492)
	at java.awt.LightweightDispatcher.dispatchEvent(Container.java:4422)
	at java.awt.Container.dispatchEventImpl(Container.java:2273)
	at java.awt.Component.dispatchEvent(Component.java:4686)
	at java.awt.EventQueue.dispatchEventImpl(EventQueue.java:707)
	at java.awt.EventQueue.access$000(EventQueue.java:101)
	at java.awt.EventQueue$3.run(EventQueue.java:666)
	at java.awt.EventQueue$3.run(EventQueue.java:664)
	at java.security.AccessController.doPrivileged(Native Method)
	at java.security.ProtectionDomain$1.doIntersectionPrivilege(ProtectionDomain.java:76)
	at java.security.ProtectionDomain$1.doIntersectionPrivilege(ProtectionDomain.java:87)
	at java.awt.EventQueue$4.run(EventQueue.java:680)
	at java.awt.EventQueue$4.run(EventQueue.java:678)
	at java.security.AccessController.doPrivileged(Native Method)
	at java.security.ProtectionDomain$1.doIntersectionPrivilege(ProtectionDomain.java:76)
	at java.awt.EventQueue.dispatchEvent(EventQueue.java:677)
	at java.awt.EventDispatchThread.pumpOneEventForFilters(EventDispatchThread.java:211)
	at java.awt.EventDispatchThread.pumpEventsForFilter(EventDispatchThread.java:128)
	at java.awt.EventDispatchThread.pumpEventsForHierarchy(EventDispatchThread.java:117)
	at java.awt.EventDispatchThread.pumpEvents(EventDispatchThread.java:113)
	at java.awt.EventDispatchThread.pumpEvents(EventDispatchThread.java:105)
	at java.awt.EventDispatchThread.run(EventDispatchThread.java:90)
Erro neste ponto:
java.lang.NullPointerException
	at br.com.generico.dao.SessaoDao.inserir(SessaoDao.java:246)
	at br.com.generico.panel.CadastroSessaoPanel.jButton1ActionPerformed(CadastroSessaoPanel.java:441)
	at br.com.generico.panel.CadastroSessaoPanel.access$300(CadastroSessaoPanel.java:43)
	at br.com.generico.panel.CadastroSessaoPanel$4.actionPerformed(CadastroSessaoPanel.java:152)
	at javax.swing.AbstractButton.fireActionPerformed(AbstractButton.java:2018)
	at javax.swing.AbstractButton$Handler.actionPerformed(AbstractButton.java:2341)
	at javax.swing.DefaultButtonModel.fireActionPerformed(DefaultButtonModel.java:402)
	at javax.swing.DefaultButtonModel.setPressed(DefaultButtonModel.java:259)
	at javax.swing.plaf.basic.BasicButtonListener.mouseReleased(BasicButtonListener.java:252)
	at java.awt.Component.processMouseEvent(Component.java:6504)
	at javax.swing.JComponent.processMouseEvent(JComponent.java:3321)
	at java.awt.Component.processEvent(Component.java:6269)
	at java.awt.Container.processEvent(Container.java:2229)
	at java.awt.Component.dispatchEventImpl(Component.java:4860)
	at java.awt.Container.dispatchEventImpl(Container.java:2287)
	at java.awt.Component.dispatchEvent(Component.java:4686)
	at java.awt.LightweightDispatcher.retargetMouseEvent(Container.java:4832)
	at java.awt.LightweightDispatcher.processMouseEvent(Container.java:4492)
	at java.awt.LightweightDispatcher.dispatchEvent(Container.java:4422)
	at java.awt.Container.dispatchEventImpl(Container.java:2273)
	at java.awt.Component.dispatchEvent(Component.java:4686)
	at java.awt.EventQueue.dispatchEventImpl(EventQueue.java:707)
	at java.awt.EventQueue.access$000(EventQueue.java:101)
	at java.awt.EventQueue$3.run(EventQueue.java:666)
	at java.awt.EventQueue$3.run(EventQueue.java:664)
	at java.security.AccessController.doPrivileged(Native Method)
	at java.security.ProtectionDomain$1.doIntersectionPrivilege(ProtectionDomain.java:76)
	at java.security.ProtectionDomain$1.doIntersectionPrivilege(ProtectionDomain.java:87)
	at java.awt.EventQueue$4.run(EventQueue.java:680)
	at java.awt.EventQueue$4.run(EventQueue.java:678)
	at java.security.AccessController.doPrivileged(Native Method)
	at java.security.ProtectionDomain$1.doIntersectionPrivilege(ProtectionDomain.java:76)
	at java.awt.EventQueue.dispatchEvent(EventQueue.java:677)
	at java.awt.EventDispatchThread.pumpOneEventForFilters(EventDispatchThread.java:211)
	at java.awt.EventDispatchThread.pumpEventsForFilter(EventDispatchThread.java:128)
	at java.awt.EventDispatchThread.pumpEventsForHierarchy(EventDispatchThread.java:117)
	at java.awt.EventDispatchThread.pumpEvents(EventDispatchThread.java:113)
	at java.awt.EventDispatchThread.pumpEvents(EventDispatchThread.java:105)
	at java.awt.EventDispatchThread.run(EventDispatchThread.java:90)
Inicio Applicação
Erro neste ponto:
org.postgresql.util.PSQLException: ERRO: valor do campo date/time está fora do intervalo: "27/20/2013"
  Dica: Talvez você necessite de uma definição diferente para "datestyle".
  Posição: 107
	at org.postgresql.core.v3.QueryExecutorImpl.receiveErrorResponse(QueryExecutorImpl.java:2157)
	at org.postgresql.core.v3.QueryExecutorImpl.processResults(QueryExecutorImpl.java:1886)
	at org.postgresql.core.v3.QueryExecutorImpl.execute(QueryExecutorImpl.java:255)
	at org.postgresql.jdbc2.AbstractJdbc2Statement.execute(AbstractJdbc2Statement.java:555)
	at org.postgresql.jdbc2.AbstractJdbc2Statement.executeWithFlags(AbstractJdbc2Statement.java:417)
	at org.postgresql.jdbc2.AbstractJdbc2Statement.executeQuery(AbstractJdbc2Statement.java:302)
	at br.com.generico.dao.SessaoDao.pesquisa(SessaoDao.java:78)
	at br.com.generico.panel.PesquisarSessaoPanel.pesquisarSessao(PesquisarSessaoPanel.java:313)
	at br.com.generico.panel.PesquisarSessaoPanel.jButton1ActionPerformed(PesquisarSessaoPanel.java:254)
	at br.com.generico.panel.PesquisarSessaoPanel.access$000(PesquisarSessaoPanel.java:30)
	at br.com.generico.panel.PesquisarSessaoPanel$1.actionPerformed(PesquisarSessaoPanel.java:80)
	at javax.swing.AbstractButton.fireActionPerformed(AbstractButton.java:2018)
	at javax.swing.AbstractButton$Handler.actionPerformed(AbstractButton.java:2341)
	at javax.swing.DefaultButtonModel.fireActionPerformed(DefaultButtonModel.java:402)
	at javax.swing.DefaultButtonModel.setPressed(DefaultButtonModel.java:259)
	at javax.swing.plaf.basic.BasicButtonListener.mouseReleased(BasicButtonListener.java:252)
	at java.awt.Component.processMouseEvent(Component.java:6504)
	at javax.swing.JComponent.processMouseEvent(JComponent.java:3321)
	at java.awt.Component.processEvent(Component.java:6269)
	at java.awt.Container.processEvent(Container.java:2229)
	at java.awt.Component.dispatchEventImpl(Component.java:4860)
	at java.awt.Container.dispatchEventImpl(Container.java:2287)
	at java.awt.Component.dispatchEvent(Component.java:4686)
	at java.awt.LightweightDispatcher.retargetMouseEvent(Container.java:4832)
	at java.awt.LightweightDispatcher.processMouseEvent(Container.java:4492)
	at java.awt.LightweightDispatcher.dispatchEvent(Container.java:4422)
	at java.awt.Container.dispatchEventImpl(Container.java:2273)
	at java.awt.Window.dispatchEventImpl(Window.java:2713)
	at java.awt.Component.dispatchEvent(Component.java:4686)
	at java.awt.EventQueue.dispatchEventImpl(EventQueue.java:707)
	at java.awt.EventQueue.access$000(EventQueue.java:101)
	at java.awt.EventQueue$3.run(EventQueue.java:666)
	at java.awt.EventQueue$3.run(EventQueue.java:664)
	at java.security.AccessController.doPrivileged(Native Method)
	at java.security.ProtectionDomain$1.doIntersectionPrivilege(ProtectionDomain.java:76)
	at java.security.ProtectionDomain$1.doIntersectionPrivilege(ProtectionDomain.java:87)
	at java.awt.EventQueue$4.run(EventQueue.java:680)
	at java.awt.EventQueue$4.run(EventQueue.java:678)
	at java.security.AccessController.doPrivileged(Native Method)
	at java.security.ProtectionDomain$1.doIntersectionPrivilege(ProtectionDomain.java:76)
	at java.awt.EventQueue.dispatchEvent(EventQueue.java:677)
	at java.awt.EventDispatchThread.pumpOneEventForFilters(EventDispatchThread.java:211)
	at java.awt.EventDispatchThread.pumpEventsForFilter(EventDispatchThread.java:128)
	at java.awt.EventDispatchThread.pumpEventsForHierarchy(EventDispatchThread.java:117)
	at java.awt.EventDispatchThread.pumpEvents(EventDispatchThread.java:113)
	at java.awt.EventDispatchThread.pumpEvents(EventDispatchThread.java:105)
	at java.awt.EventDispatchThread.run(EventDispatchThread.java:90)
Erro neste ponto:
org.postgresql.util.PSQLException: ERRO: valor do campo date/time está fora do intervalo: "27/20/2013"
  Dica: Talvez você necessite de uma definição diferente para "datestyle".
  Posição: 107
	at org.postgresql.core.v3.QueryExecutorImpl.receiveErrorResponse(QueryExecutorImpl.java:2157)
	at org.postgresql.core.v3.QueryExecutorImpl.processResults(QueryExecutorImpl.java:1886)
	at org.postgresql.core.v3.QueryExecutorImpl.execute(QueryExecutorImpl.java:255)
	at org.postgresql.jdbc2.AbstractJdbc2Statement.execute(AbstractJdbc2Statement.java:555)
	at org.postgresql.jdbc2.AbstractJdbc2Statement.executeWithFlags(AbstractJdbc2Statement.java:417)
	at org.postgresql.jdbc2.AbstractJdbc2Statement.executeQuery(AbstractJdbc2Statement.java:302)
	at br.com.generico.dao.SessaoDao.pesquisa(SessaoDao.java:78)
	at br.com.generico.panel.PesquisarSessaoPanel.pesquisarSessao(PesquisarSessaoPanel.java:313)
	at br.com.generico.panel.PesquisarSessaoPanel.jButton1ActionPerformed(PesquisarSessaoPanel.java:254)
	at br.com.generico.panel.PesquisarSessaoPanel.access$000(PesquisarSessaoPanel.java:30)
	at br.com.generico.panel.PesquisarSessaoPanel$1.actionPerformed(PesquisarSessaoPanel.java:80)
	at javax.swing.AbstractButton.fireActionPerformed(AbstractButton.java:2018)
	at javax.swing.AbstractButton$Handler.actionPerformed(AbstractButton.java:2341)
	at javax.swing.DefaultButtonModel.fireActionPerformed(DefaultButtonModel.java:402)
	at javax.swing.DefaultButtonModel.setPressed(DefaultButtonModel.java:259)
	at javax.swing.plaf.basic.BasicButtonListener.mouseReleased(BasicButtonListener.java:252)
	at java.awt.Component.processMouseEvent(Component.java:6504)
	at javax.swing.JComponent.processMouseEvent(JComponent.java:3321)
	at java.awt.Component.processEvent(Component.java:6269)
	at java.awt.Container.processEvent(Container.java:2229)
	at java.awt.Component.dispatchEventImpl(Component.java:4860)
	at java.awt.Container.dispatchEventImpl(Container.java:2287)
	at java.awt.Component.dispatchEvent(Component.java:4686)
	at java.awt.LightweightDispatcher.retargetMouseEvent(Container.java:4832)
	at java.awt.LightweightDispatcher.processMouseEvent(Container.java:4492)
	at java.awt.LightweightDispatcher.dispatchEvent(Container.java:4422)
	at java.awt.Container.dispatchEventImpl(Container.java:2273)
	at java.awt.Window.dispatchEventImpl(Window.java:2713)
	at java.awt.Component.dispatchEvent(Component.java:4686)
	at java.awt.EventQueue.dispatchEventImpl(EventQueue.java:707)
	at java.awt.EventQueue.access$000(EventQueue.java:101)
	at java.awt.EventQueue$3.run(EventQueue.java:666)
	at java.awt.EventQueue$3.run(EventQueue.java:664)
	at java.security.AccessController.doPrivileged(Native Method)
	at java.security.ProtectionDomain$1.doIntersectionPrivilege(ProtectionDomain.java:76)
	at java.security.ProtectionDomain$1.doIntersectionPrivilege(ProtectionDomain.java:87)
	at java.awt.EventQueue$4.run(EventQueue.java:680)
	at java.awt.EventQueue$4.run(EventQueue.java:678)
	at java.security.AccessController.doPrivileged(Native Method)
	at java.security.ProtectionDomain$1.doIntersectionPrivilege(ProtectionDomain.java:76)
	at java.awt.EventQueue.dispatchEvent(EventQueue.java:677)
	at java.awt.EventDispatchThread.pumpOneEventForFilters(EventDispatchThread.java:211)
	at java.awt.EventDispatchThread.pumpEventsForFilter(EventDispatchThread.java:128)
	at java.awt.EventDispatchThread.pumpEventsForHierarchy(EventDispatchThread.java:117)
	at java.awt.EventDispatchThread.pumpEvents(EventDispatchThread.java:113)
	at java.awt.EventDispatchThread.pumpEvents(EventDispatchThread.java:105)
	at java.awt.EventDispatchThread.run(EventDispatchThread.java:90)
Diretório do BD não existe.
Inicio Applicação
